0 info it worked if it ends with ok
1 verbose cli [ 'C:\\Program Files\\nodejs\\node.exe',
1 verbose cli   'C:\\Program Files\\nodejs\\node_modules\\npm\\bin\\npm-cli.js',
1 verbose cli   'install' ]
2 info using npm@2.14.7
3 info using node@v4.2.1
4 verbose readDependencies loading dependencies from F:\STUFF\myGitHubRepoes\logs_Dashboard\logs_dashboard\web\package.json
5 verbose install where, deps [ 'F:\\STUFF\\myGitHubRepoes\\logs_Dashboard\\logs_dashboard\\web',
5 verbose install   [ 'babel',
5 verbose install     'bootstrap',
5 verbose install     'dotenv',
5 verbose install     'errorhandler',
5 verbose install     'es6-promise',
5 verbose install     'expect',
5 verbose install     'express',
5 verbose install     'fbjs',
5 verbose install     'history',
5 verbose install     'isomorphic-fetch',
5 verbose install     'jsdom',
5 verbose install     'jsonwebtoken',
5 verbose install     'jwt-decode',
5 verbose install     'lodash',
5 verbose install     'method-override',
5 verbose install     'moment',
5 verbose install     'nock',
5 verbose install     'react',
5 verbose install     'react-addons-css-transition-group',
5 verbose install     'react-addons-linked-state-mixin',
5 verbose install     'react-bootstrap',
5 verbose install     'react-bootstrap-datetimepicker',
5 verbose install     'react-dom',
5 verbose install     'react-masonry-component',
5 verbose install     'react-mixin',
5 verbose install     'react-redux',
5 verbose install     'react-router',
5 verbose install     'react-spinkit',
5 verbose install     'react-toastr',
5 verbose install     'redux',
5 verbose install     'redux-logger',
5 verbose install     'redux-router',
5 verbose install     'redux-thunk',
5 verbose install     'toastr',
5 verbose install     'react-modal',
5 verbose install     'babel-preset-es2015',
5 verbose install     'autoprefixer',
5 verbose install     'autoprefixer-loader',
5 verbose install     'babel-polyfill',
5 verbose install     'babel-core',
5 verbose install     'babel-eslint',
5 verbose install     'babel-loader',
5 verbose install     'babel-plugin-react-transform',
5 verbose install     'babel-preset-react',
5 verbose install     'babel-runtime',
5 verbose install     'chai',
5 verbose install     'chai-as-promised',
5 verbose install     'css-loader',
5 verbose install     'eslint',
5 verbose install     'eslint-config-airbnb',
5 verbose install     'eslint-plugin-react',
5 verbose install     'extract-text-webpack-plugin',
5 verbose install     'file-loader',
5 verbose install     'font-awesome',
5 verbose install     'gulp',
5 verbose install     'gulp-concat-css',
5 verbose install     'gulp-livereload',
5 verbose install     'gulp-nodemon',
5 verbose install     'gulp-uglify',
5 verbose install     'gulp-webpack',
5 verbose install     'html-webpack-plugin',
5 verbose install     'react-addons-test-utils',
5 verbose install     'react-transform-catch-errors',
5 verbose install     'react-transform-hmr',
5 verbose install     'redbox-react',
5 verbose install     'redux-devtools',
5 verbose install     'redux-devtools-dock-monitor',
5 verbose install     'redux-devtools-log-monitor',
5 verbose install     'rimraf',
5 verbose install     'webpack',
5 verbose install     'webpack-dev-server',
5 verbose install     'url-loader',
5 verbose install     'body-parser' ] ]
6 verbose install where, peers [ 'F:\\STUFF\\myGitHubRepoes\\logs_Dashboard\\logs_dashboard\\web',
6 verbose install   [] ]
7 verbose installManyTop reading for lifecycle F:\STUFF\myGitHubRepoes\logs_Dashboard\logs_dashboard\web\package.json
8 info preinstall Logs_Dashboard@1.0.0
9 verbose unsafe-perm in lifecycle true
10 info Logs_Dashboard@1.0.0 Failed to exec preinstall script
11 verbose stack Error: Logs_Dashboard@1.0.0 preinstall: `npm install ../common/`
11 verbose stack Exit status 1
11 verbose stack     at EventEmitter.<anonymous> (C:\Users\amita\AppData\Roaming\nvm\v4.2.1\node_modules\npm\lib\utils\lifecycle.js:214:16)
11 verbose stack     at emitTwo (events.js:87:13)
11 verbose stack     at EventEmitter.emit (events.js:172:7)
11 verbose stack     at ChildProcess.<anonymous> (C:\Users\amita\AppData\Roaming\nvm\v4.2.1\node_modules\npm\lib\utils\spawn.js:24:14)
11 verbose stack     at emitTwo (events.js:87:13)
11 verbose stack     at ChildProcess.emit (events.js:172:7)
11 verbose stack     at maybeClose (internal/child_process.js:818:16)
11 verbose stack     at Process.ChildProcess._handle.onexit (internal/child_process.js:211:5)
12 verbose pkgid Logs_Dashboard@1.0.0
13 verbose cwd F:\STUFF\myGitHubRepoes\logs_Dashboard\logs_dashboard\web
14 error Windows_NT 6.1.7601
15 error argv "C:\\Program Files\\nodejs\\node.exe" "C:\\Program Files\\nodejs\\node_modules\\npm\\bin\\npm-cli.js" "install"
16 error node v4.2.1
17 error npm  v2.14.7
18 error code ELIFECYCLE
19 error Logs_Dashboard@1.0.0 preinstall: `npm install ../common/`
19 error Exit status 1
20 error Failed at the Logs_Dashboard@1.0.0 preinstall script 'npm install ../common/'.
20 error This is most likely a problem with the Logs_Dashboard package,
20 error not with npm itself.
20 error Tell the author that this fails on your system:
20 error     npm install ../common/
20 error You can get their info via:
20 error     npm owner ls Logs_Dashboard
20 error There is likely additional logging output above.
21 verbose exit [ 1, true ]
